=== MovieTrace daily-discover ===
开始: 2026-05-15 08:00:01 +08
Secrets at /home/ubuntu/.config/movietrace/secrets.json not found, falling back to legacy path /tmp/movietrace_phase0_secrets.json — please migrate to /home/ubuntu/.config/movietrace/secrets.json
Secrets at /home/ubuntu/.config/movietrace/secrets.json not found, falling back to legacy path /tmp/movietrace_phase0_secrets.json — please migrate to /home/ubuntu/.config/movietrace/secrets.json
MovieTrace daily-discover for 2026-05-15
Dry-run: True

[1/6] Fetching TMDb trending... OK (60 items, 1p)
[2/5] Fetching Trakt trending... OK (40 items, shows=20 movies=20)
[3/5] Merging + enriching... Secrets at /home/ubuntu/.config/movietrace/secrets.json not found, falling back to legacy path /tmp/movietrace_phase0_secrets.json — please migrate to /home/ubuntu/.config/movietrace/secrets.json
flixpatrol circuit breaker: HTTP 402 — stopping all FP requests (completed 0/24 calls)
FlixPatrol API returned no usable rows for 2026-05-15
Secrets at /home/ubuntu/.config/movietrace/secrets.json not found, falling back to legacy path /tmp/movietrace_phase0_secrets.json — please migrate to /home/ubuntu/.config/movietrace/secrets.json
TMDb detail failed for 1658982 (tv): HTTP Error 404: Not Found
OK (merged=165 omdb_hit=152 [FALLBACK])
[4/5] Scoring + filtering... OK (passed P2+ = 75 of 165)
[5/5] Writing content_updates + baseline tracking... OK (written=0 + 0 new_seasons)

Source data:
  FlixPatrol: fallback from 2026-05-13
  TMDb: fresh 2026-05-15
  Trakt: fresh 2026-05-15

✓ Daily discovery complete (P0=1 P1=10 P2=64)
MovieTrace export-recommendations
Days: 1
Output dir: reports

MD:   reports/recommendations_2026-05-15_0801.md
JSON: reports/recommendations_2026-05-15_0801.json
Total items: 0

✓ Export complete

=== 运行摘要 ===
结束: 2026-05-15 08:01:15 +08
耗时: 74s
退出码: 0 (discover=0 export=0)
状态: ✅ 正常完成
